#-----------------------------------------------------------
# Vivado v2020.2 (64-bit)
# SW Build 3064766 on Wed Nov 18 09:12:45 MST 2020
# IP Build 3064653 on Wed Nov 18 14:17:31 MST 2020
# Start of session at: Mon Apr 22 21:27:22 2024
# Process ID: 46500
# Current directory: C:/Users/Navi/Documents/ASchool/462/project completion/newuart
# Command line: vivado.exe -gui_launcher_event rodinguilauncherevent42616 C:\Users\Navi\Documents\ASchool\462\project completion\newuart\homework1.xpr
# Log file: C:/Users/Navi/Documents/ASchool/462/project completion/newuart/vivado.log
# Journal file: C:/Users/Navi/Documents/ASchool/462/project completion/newuart\vivado.jou
#-----------------------------------------------------------
start_gui
open_project {C:/Users/Navi/Documents/ASchool/462/project completion/newuart/homework1.xpr}
INFO: [Project 1-313] Project file moved from 'C:/Users/Navi/Documents/ASchool/462/newuart/newuart' since last save.
Scanning sources...
Finished scanning sources
INFO: [IP_Flow 19-234] Refreshing IP repositories
INFO: [IP_Flow 19-1704] No user IP repositories specified
INFO: [IP_Flow 19-2313] Loaded Vivado IP repository 'C:/Xilinx/Vivado/2020.2/data/ip'.
update_compile_order -fileset sources_1
exit
INFO: [Common 17-206] Exiting Vivado at Mon Apr 22 21:27:59 2024...
