#-----------------------------------------------------------
# Vivado v2020.2 (64-bit)
# SW Build 3064766 on Wed Nov 18 09:12:45 MST 2020
# IP Build 3064653 on Wed Nov 18 14:17:31 MST 2020
# Start of session at: Mon Apr  8 00:48:22 2024
# Process ID: 28180
# Current directory: C:/Users/Navi/Documents/ASchool/462/newuart/newuart
# Command line: vivado.exe -gui_launcher_event rodinguilauncherevent3820 C:\Users\Navi\Documents\ASchool\462\newuart\newuart\homework1.xpr
# Log file: C:/Users/Navi/Documents/ASchool/462/newuart/newuart/vivado.log
# Journal file: C:/Users/Navi/Documents/ASchool/462/newuart/newuart\vivado.jou
#-----------------------------------------------------------
start_gui
open_project C:/Users/Navi/Documents/ASchool/462/newuart/newuart/homework1.xpr
Scanning sources...
Finished scanning sources
INFO: [IP_Flow 19-234] Refreshing IP repositories
INFO: [IP_Flow 19-1704] No user IP repositories specified
INFO: [IP_Flow 19-2313] Loaded Vivado IP repository 'C:/Xilinx/Vivado/2020.2/data/ip'.
update_compile_order -fileset sources_1
exit
INFO: [Common 17-206] Exiting Vivado at Mon Apr  8 00:50:33 2024...
